<?xml version="1.0" encoding="UTF-8"?>
<!-- Generated by org.testng.reporters.JUnitReportReporter -->
<testsuite hostname="QSP-027" name="sel.per" tests="1" failures="0" timestamp="17 Nov 2017 08:08:55 GMT" time="24.208" errors="0">
  <testcase name="start" time="24.208" classname="sel.per"/>
</testsuite> <!-- sel.per -->
